13:25:46.995 [background-preinit] INFO  o.h.validator.internal.util.Version - HV000001: Hibernate Validator 6.2.4.Final
13:25:46.999 [main] INFO  c.i.SpringBootSecurityJwtApplication - Starting SpringBootSecurityJwtApplication using Java 1.8.0_221 on bhavyakU-TKS with PID 1140 (D:\ProjectWorkspaces\spring-boot-spring-security-jwt-authentication (1)\spring-boot-spring-security-jwt-authentication (1)\target\classes started by bhavya.singh in D:\ProjectWorkspaces\spring-boot-spring-security-jwt-authentication (1)\spring-boot-spring-security-jwt-authentication (1))
13:25:47.005 [main] INFO  c.i.SpringBootSecurityJwtApplication - No active profile set, falling back to 1 default profile: "default"
13:25:48.057 [main] INFO  o.s.d.r.c.RepositoryConfigurationDelegate - Bootstrapping Spring Data JPA repositories in DEFAULT mode.
13:25:48.180 [main] INFO  o.s.d.r.c.RepositoryConfigurationDelegate - Finished Spring Data repository scanning in 108 ms. Found 17 JPA repository interfaces.
13:25:48.789 [main] INFO  o.s.b.w.e.tomcat.TomcatWebServer - Tomcat initialized with port(s): 9000 (http)
13:25:48.801 [main] INFO  o.a.coyote.http11.Http11NioProtocol - Initializing ProtocolHandler ["http-nio-9000"]
13:25:48.802 [main] INFO  o.a.catalina.core.StandardService - Starting service [Tomcat]
13:25:48.802 [main] INFO  o.a.catalina.core.StandardEngine - Starting Servlet engine: [Apache Tomcat/9.0.65]
13:25:48.967 [main] INFO  o.a.c.c.C.[Tomcat].[localhost].[/] - Initializing Spring embedded WebApplicationContext
13:25:48.967 [main] INFO  o.s.b.w.s.c.ServletWebServerApplicationContext - Root WebApplicationContext: initialization completed in 1891 ms
13:25:49.155 [main] INFO  o.h.jpa.internal.util.LogHelper - HHH000204: Processing PersistenceUnitInfo [name: default]
13:25:49.223 [main] INFO  org.hibernate.Version - HHH000412: Hibernate ORM core version 5.6.10.Final
13:25:49.425 [main] INFO  o.h.annotations.common.Version - HCANN000001: Hibernate Commons Annotations {5.1.2.Final}
13:25:49.556 [main] INFO  com.zaxxer.hikari.HikariDataSource - HikariPool-1 - Starting...
13:25:51.108 [main] INFO  com.zaxxer.hikari.HikariDataSource - HikariPool-1 - Start completed.
13:25:51.148 [main] INFO  org.hibernate.dialect.Dialect - HHH000400: Using dialect: org.hibernate.dialect.SQLServer2016Dialect
13:25:51.853 [main] INFO  c.i.p.entities.StockAssignment - StockAssignment no-args constructor executed
13:25:52.118 [main] INFO  c.i.p.entities.StoreProductMapping - StoreProductMapping no-args constructor executed
13:25:52.132 [main] INFO  c.i.leave.entities.LeaveRequestInfo - LeaveRequestInfo no-args constructor executed
13:25:52.147 [main] INFO  c.i.c.leave.entities.Icon - Icon no-args constructor executed
13:25:52.159 [main] INFO  c.i.c.leave.entities.LeaveType - LeaveType no-args constructor executed
13:25:52.176 [main] INFO  c.i.c.promoter.entities.Category - Category no-args constructor executed
13:25:52.200 [main] INFO  c.i.promoter.entities.StockBalance - StockBalance no-args constructor executed
13:25:52.209 [main] INFO  c.i.leave.entities.LeaveBalanceInfo - LeaveBalanceInfo no-args constructor executed
13:25:52.218 [main] INFO  c.i.c.leave.entities.Color - Color no-args constructor executed
13:25:52.225 [main] INFO  c.i.c.leave.entities.MasterLeave - MasterLeave no-args constructor executed
13:25:52.231 [main] INFO  c.i.c.promoter.entities.Product - Product no-args constructor executed
13:25:52.243 [main] INFO  com.isfa.models.User - User no-args cons executing
13:25:54.589 [main] INFO  o.h.e.t.j.p.i.JtaPlatformInitiator - HHH000490: Using JtaPlatform implementation: [org.hibernate.engine.transaction.jta.platform.internal.NoJtaPlatform]
13:25:54.614 [main] INFO  o.s.o.j.LocalContainerEntityManagerFactoryBean - Initialized JPA EntityManagerFactory for persistence unit 'default'
13:25:55.593 [main] WARN  o.s.b.a.o.j.JpaBaseConfiguration$JpaWebConfiguration - spring.jpa.open-in-view is enabled by default. Therefore, database queries may be performed during view rendering. Explicitly configure spring.jpa.open-in-view to disable this warning
13:25:55.713 [main] INFO  com.isfa.swagger.SwaggerConfig - SwaggerConfig docket api method executing
13:25:55.718 [main] INFO  com.isfa.swagger.SwaggerConfig - SwaggerConfig docket apiInfo method executing
13:25:56.039 [main] INFO  o.a.coyote.http11.Http11NioProtocol - Starting ProtocolHandler ["http-nio-9000"]
13:25:56.075 [main] INFO  o.s.b.w.e.tomcat.TomcatWebServer - Tomcat started on port(s): 9000 (http) with context path ''
13:25:56.401 [main] INFO  c.i.SpringBootSecurityJwtApplication - Started SpringBootSecurityJwtApplication in 9.76 seconds (JVM running for 10.459)
13:26:00.481 [http-nio-9000-exec-2] INFO  o.a.c.c.C.[Tomcat].[localhost].[/] - Initializing Spring DispatcherServlet 'dispatcherServlet'
13:26:00.481 [http-nio-9000-exec-2] INFO  o.s.web.servlet.DispatcherServlet - Initializing Servlet 'dispatcherServlet'
13:26:00.486 [http-nio-9000-exec-2] INFO  o.s.web.servlet.DispatcherServlet - Completed initialization in 5 ms
13:26:01.293 [http-nio-9000-exec-2] INFO  com.isfa.models.User - User no-args cons executing
13:26:03.434 [http-nio-9000-exec-2] INFO  com.isfa.models.User - User no-args cons executing
13:26:59.549 [http-nio-9000-exec-3] INFO  com.isfa.models.User - User no-args cons executing
13:28:00.059 [RMI TCP Connection(4)-127.0.0.1] INFO  o.s.b.a.SpringApplicationAdminMXBeanRegistrar$SpringApplicationAdmin - Application shutdown requested.
13:28:00.266 [RMI TCP Connection(4)-127.0.0.1] INFO  o.a.coyote.http11.Http11NioProtocol - Pausing ProtocolHandler ["http-nio-9000"]
13:28:00.266 [RMI TCP Connection(4)-127.0.0.1] INFO  o.a.catalina.core.StandardService - Stopping service [Tomcat]
13:28:00.268 [RMI TCP Connection(4)-127.0.0.1] INFO  o.a.c.c.C.[Tomcat].[localhost].[/] - Destroying Spring FrameworkServlet 'dispatcherServlet'
13:28:00.272 [RMI TCP Connection(4)-127.0.0.1] INFO  o.a.coyote.http11.Http11NioProtocol - Stopping ProtocolHandler ["http-nio-9000"]
13:28:00.275 [RMI TCP Connection(4)-127.0.0.1] INFO  o.a.coyote.http11.Http11NioProtocol - Destroying ProtocolHandler ["http-nio-9000"]
13:28:00.284 [RMI TCP Connection(4)-127.0.0.1] INFO  o.s.o.j.LocalContainerEntityManagerFactoryBean - Closing JPA EntityManagerFactory for persistence unit 'default'
13:28:00.286 [RMI TCP Connection(4)-127.0.0.1] INFO  com.zaxxer.hikari.HikariDataSource - HikariPool-1 - Shutdown initiated...
13:28:00.293 [RMI TCP Connection(4)-127.0.0.1] INFO  com.zaxxer.hikari.HikariDataSource - HikariPool-1 - Shutdown completed.
18:16:43.953 [background-preinit] INFO  o.h.validator.internal.util.Version - HV000001: Hibernate Validator 6.2.4.Final
18:16:43.956 [main] INFO  c.i.SpringBootSecurityJwtApplication - Starting SpringBootSecurityJwtApplication using Java 1.8.0_221 on bhavyakU-TKS with PID 22052 (D:\ProjectWorkspaces\spring-boot-spring-security-jwt-authentication (1)\spring-boot-spring-security-jwt-authentication (1)\target\classes started by bhavya.singh in D:\ProjectWorkspaces\spring-boot-spring-security-jwt-authentication (1)\spring-boot-spring-security-jwt-authentication (1))
18:16:43.967 [main] INFO  c.i.SpringBootSecurityJwtApplication - No active profile set, falling back to 1 default profile: "default"
18:16:44.815 [main] INFO  o.s.d.r.c.RepositoryConfigurationDelegate - Bootstrapping Spring Data JPA repositories in DEFAULT mode.
18:16:44.923 [main] INFO  o.s.d.r.c.RepositoryConfigurationDelegate - Finished Spring Data repository scanning in 99 ms. Found 18 JPA repository interfaces.
18:16:45.435 [main] INFO  o.s.b.w.e.tomcat.TomcatWebServer - Tomcat initialized with port(s): 9000 (http)
18:16:45.445 [main] INFO  o.a.coyote.http11.Http11NioProtocol - Initializing ProtocolHandler ["http-nio-9000"]
18:16:45.446 [main] INFO  o.a.catalina.core.StandardService - Starting service [Tomcat]
18:16:45.446 [main] INFO  o.a.catalina.core.StandardEngine - Starting Servlet engine: [Apache Tomcat/9.0.65]
18:16:45.578 [main] INFO  o.a.c.c.C.[Tomcat].[localhost].[/] - Initializing Spring embedded WebApplicationContext
18:16:45.578 [main] INFO  o.s.b.w.s.c.ServletWebServerApplicationContext - Root WebApplicationContext: initialization completed in 1567 ms
18:16:45.735 [main] INFO  o.h.jpa.internal.util.LogHelper - HHH000204: Processing PersistenceUnitInfo [name: default]
18:16:45.804 [main] INFO  org.hibernate.Version - HHH000412: Hibernate ORM core version 5.6.10.Final
18:16:45.927 [main] INFO  o.h.annotations.common.Version - HCANN000001: Hibernate Commons Annotations {5.1.2.Final}
18:16:46.003 [main] INFO  com.zaxxer.hikari.HikariDataSource - HikariPool-1 - Starting...
18:16:46.892 [main] INFO  com.zaxxer.hikari.HikariDataSource - HikariPool-1 - Start completed.
18:16:46.925 [main] INFO  org.hibernate.dialect.Dialect - HHH000400: Using dialect: org.hibernate.dialect.SQLServer2016Dialect
18:16:47.431 [main] INFO  c.i.p.entities.StockAssignment - StockAssignment no-args constructor executed
18:16:47.610 [main] INFO  c.i.p.entities.StoreProductMapping - StoreProductMapping no-args constructor executed
18:16:47.621 [main] INFO  c.i.leave.entities.LeaveRequestInfo - LeaveRequestInfo no-args constructor executed
18:16:47.638 [main] INFO  c.i.c.leave.entities.Icon - Icon no-args constructor executed
18:16:47.647 [main] INFO  c.i.c.leave.entities.LeaveType - LeaveType no-args constructor executed
18:16:47.666 [main] INFO  c.i.c.promoter.entities.Category - Category no-args constructor executed
18:16:47.687 [main] INFO  c.i.promoter.entities.StockBalance - StockBalance no-args constructor executed
18:16:47.695 [main] INFO  c.i.leave.entities.LeaveBalanceInfo - LeaveBalanceInfo no-args constructor executed
18:16:47.701 [main] INFO  c.i.c.leave.entities.Color - Color no-args constructor executed
18:16:47.707 [main] INFO  c.i.c.leave.entities.MasterLeave - MasterLeave no-args constructor executed
18:16:47.712 [main] INFO  c.i.c.promoter.entities.Product - Product no-args constructor executed
18:16:47.728 [main] INFO  com.isfa.models.User - User no-args cons executing
18:16:48.963 [main] INFO  o.h.e.t.j.p.i.JtaPlatformInitiator - HHH000490: Using JtaPlatform implementation: [org.hibernate.engine.transaction.jta.platform.internal.NoJtaPlatform]
18:16:49.090 [main] INFO  o.s.o.j.LocalContainerEntityManagerFactoryBean - Initialized JPA EntityManagerFactory for persistence unit 'default'
18:16:49.910 [main] WARN  o.s.b.a.o.j.JpaBaseConfiguration$JpaWebConfiguration - spring.jpa.open-in-view is enabled by default. Therefore, database queries may be performed during view rendering. Explicitly configure spring.jpa.open-in-view to disable this warning
18:16:50.027 [main] INFO  com.isfa.swagger.SwaggerConfig - SwaggerConfig docket api method executing
18:16:50.030 [main] INFO  com.isfa.swagger.SwaggerConfig - SwaggerConfig docket apiInfo method executing
18:16:50.292 [main] INFO  o.a.coyote.http11.Http11NioProtocol - Starting ProtocolHandler ["http-nio-9000"]
18:16:50.325 [main] INFO  o.s.b.w.e.tomcat.TomcatWebServer - Tomcat started on port(s): 9000 (http) with context path ''
18:16:50.743 [main] INFO  c.i.SpringBootSecurityJwtApplication - Started SpringBootSecurityJwtApplication in 7.124 seconds (JVM running for 7.792)
18:16:55.194 [http-nio-9000-exec-2] INFO  o.a.c.c.C.[Tomcat].[localhost].[/] - Initializing Spring DispatcherServlet 'dispatcherServlet'
18:16:55.194 [http-nio-9000-exec-2] INFO  o.s.web.servlet.DispatcherServlet - Initializing Servlet 'dispatcherServlet'
18:16:55.200 [http-nio-9000-exec-2] INFO  o.s.web.servlet.DispatcherServlet - Completed initialization in 6 ms
18:16:55.286 [http-nio-9000-exec-2] INFO  c.i.Exception.GlobalExceptionHandler - GlobalExceptionHandler handling exception method executing
18:16:55.287 [http-nio-9000-exec-2] INFO  c.i.Exception.GlobalExceptionHandler - Sorry, An error occured while processing the request: org.springframework.web.HttpMediaTypeNotSupportedException: Content type 'multipart/form-data;boundary=--------------------------386520228319985948340381;charset=UTF-8' not supported


18:16:55.287 [http-nio-9000-exec-2] INFO  c.i.Exception.GlobalExceptionHandler - GlobalExceptionHandler handling exception method completed
18:18:15.485 [RMI TCP Connection(4)-127.0.0.1] INFO  o.s.b.a.SpringApplicationAdminMXBeanRegistrar$SpringApplicationAdmin - Application shutdown requested.
18:18:15.666 [RMI TCP Connection(4)-127.0.0.1] INFO  o.a.coyote.http11.Http11NioProtocol - Pausing ProtocolHandler ["http-nio-9000"]
18:18:15.667 [RMI TCP Connection(4)-127.0.0.1] INFO  o.a.catalina.core.StandardService - Stopping service [Tomcat]
18:18:15.668 [RMI TCP Connection(4)-127.0.0.1] INFO  o.a.c.c.C.[Tomcat].[localhost].[/] - Destroying Spring FrameworkServlet 'dispatcherServlet'
18:18:15.671 [RMI TCP Connection(4)-127.0.0.1] INFO  o.a.coyote.http11.Http11NioProtocol - Stopping ProtocolHandler ["http-nio-9000"]
18:18:15.677 [RMI TCP Connection(4)-127.0.0.1] INFO  o.a.coyote.http11.Http11NioProtocol - Destroying ProtocolHandler ["http-nio-9000"]
18:18:15.686 [RMI TCP Connection(4)-127.0.0.1] INFO  o.s.o.j.LocalContainerEntityManagerFactoryBean - Closing JPA EntityManagerFactory for persistence unit 'default'
18:18:15.687 [RMI TCP Connection(4)-127.0.0.1] INFO  com.zaxxer.hikari.HikariDataSource - HikariPool-1 - Shutdown initiated...
18:18:15.694 [RMI TCP Connection(4)-127.0.0.1] INFO  com.zaxxer.hikari.HikariDataSource - HikariPool-1 - Shutdown completed.
18:18:17.696 [background-preinit] INFO  o.h.validator.internal.util.Version - HV000001: Hibernate Validator 6.2.4.Final
18:18:17.706 [main] INFO  c.i.SpringBootSecurityJwtApplication - Starting SpringBootSecurityJwtApplication using Java 1.8.0_221 on bhavyakU-TKS with PID 5468 (D:\ProjectWorkspaces\spring-boot-spring-security-jwt-authentication (1)\spring-boot-spring-security-jwt-authentication (1)\target\classes started by bhavya.singh in D:\ProjectWorkspaces\spring-boot-spring-security-jwt-authentication (1)\spring-boot-spring-security-jwt-authentication (1))
18:18:17.706 [main] INFO  c.i.SpringBootSecurityJwtApplication - No active profile set, falling back to 1 default profile: "default"
18:18:18.395 [main] INFO  o.s.d.r.c.RepositoryConfigurationDelegate - Bootstrapping Spring Data JPA repositories in DEFAULT mode.
18:18:18.486 [main] INFO  o.s.d.r.c.RepositoryConfigurationDelegate - Finished Spring Data repository scanning in 84 ms. Found 18 JPA repository interfaces.
18:18:18.979 [main] INFO  o.s.b.w.e.tomcat.TomcatWebServer - Tomcat initialized with port(s): 9000 (http)
18:18:18.989 [main] INFO  o.a.coyote.http11.Http11NioProtocol - Initializing ProtocolHandler ["http-nio-9000"]
18:18:18.989 [main] INFO  o.a.catalina.core.StandardService - Starting service [Tomcat]
18:18:18.990 [main] INFO  o.a.catalina.core.StandardEngine - Starting Servlet engine: [Apache Tomcat/9.0.65]
18:18:19.107 [main] INFO  o.a.c.c.C.[Tomcat].[localhost].[/] - Initializing Spring embedded WebApplicationContext
18:18:19.108 [main] INFO  o.s.b.w.s.c.ServletWebServerApplicationContext - Root WebApplicationContext: initialization completed in 1362 ms
18:18:19.254 [main] INFO  o.h.jpa.internal.util.LogHelper - HHH000204: Processing PersistenceUnitInfo [name: default]
18:18:19.286 [main] INFO  org.hibernate.Version - HHH000412: Hibernate ORM core version 5.6.10.Final
18:18:19.397 [main] INFO  o.h.annotations.common.Version - HCANN000001: Hibernate Commons Annotations {5.1.2.Final}
18:18:19.468 [main] INFO  com.zaxxer.hikari.HikariDataSource - HikariPool-1 - Starting...
18:18:20.474 [main] INFO  com.zaxxer.hikari.HikariDataSource - HikariPool-1 - Start completed.
18:18:20.499 [main] INFO  org.hibernate.dialect.Dialect - HHH000400: Using dialect: org.hibernate.dialect.SQLServer2016Dialect
18:18:20.989 [main] INFO  c.i.p.entities.StockAssignment - StockAssignment no-args constructor executed
18:18:21.129 [main] INFO  c.i.p.entities.StoreProductMapping - StoreProductMapping no-args constructor executed
18:18:21.140 [main] INFO  c.i.leave.entities.LeaveRequestInfo - LeaveRequestInfo no-args constructor executed
18:18:21.176 [main] INFO  c.i.c.leave.entities.Icon - Icon no-args constructor executed
18:18:21.185 [main] INFO  c.i.c.leave.entities.LeaveType - LeaveType no-args constructor executed
18:18:21.205 [main] INFO  c.i.c.promoter.entities.Category - Category no-args constructor executed
18:18:21.229 [main] INFO  c.i.promoter.entities.StockBalance - StockBalance no-args constructor executed
18:18:21.237 [main] INFO  c.i.leave.entities.LeaveBalanceInfo - LeaveBalanceInfo no-args constructor executed
18:18:21.246 [main] INFO  c.i.c.leave.entities.Color - Color no-args constructor executed
18:18:21.251 [main] INFO  c.i.c.leave.entities.MasterLeave - MasterLeave no-args constructor executed
18:18:21.260 [main] INFO  c.i.c.promoter.entities.Product - Product no-args constructor executed
18:18:21.272 [main] INFO  com.isfa.models.User - User no-args cons executing
18:18:22.891 [main] INFO  o.h.e.t.j.p.i.JtaPlatformInitiator - HHH000490: Using JtaPlatform implementation: [org.hibernate.engine.transaction.jta.platform.internal.NoJtaPlatform]
18:18:23.010 [main] INFO  o.s.o.j.LocalContainerEntityManagerFactoryBean - Initialized JPA EntityManagerFactory for persistence unit 'default'
18:18:23.838 [main] WARN  o.s.b.a.o.j.JpaBaseConfiguration$JpaWebConfiguration - spring.jpa.open-in-view is enabled by default. Therefore, database queries may be performed during view rendering. Explicitly configure spring.jpa.open-in-view to disable this warning
18:18:23.952 [main] INFO  com.isfa.swagger.SwaggerConfig - SwaggerConfig docket api method executing
18:18:23.955 [main] INFO  com.isfa.swagger.SwaggerConfig - SwaggerConfig docket apiInfo method executing
18:18:24.211 [main] INFO  o.a.coyote.http11.Http11NioProtocol - Starting ProtocolHandler ["http-nio-9000"]
18:18:24.234 [main] INFO  o.s.b.w.e.tomcat.TomcatWebServer - Tomcat started on port(s): 9000 (http) with context path ''
18:18:24.657 [main] INFO  c.i.SpringBootSecurityJwtApplication - Started SpringBootSecurityJwtApplication in 7.315 seconds (JVM running for 8.109)
18:18:28.044 [http-nio-9000-exec-3] INFO  o.a.c.c.C.[Tomcat].[localhost].[/] - Initializing Spring DispatcherServlet 'dispatcherServlet'
18:18:28.044 [http-nio-9000-exec-3] INFO  o.s.web.servlet.DispatcherServlet - Initializing Servlet 'dispatcherServlet'
18:18:28.045 [http-nio-9000-exec-3] INFO  o.s.web.servlet.DispatcherServlet - Completed initialization in 1 ms
18:18:28.145 [http-nio-9000-exec-3] INFO  c.i.Exception.GlobalExceptionHandler - GlobalExceptionHandler handling exception method executing
18:18:28.145 [http-nio-9000-exec-3] INFO  c.i.Exception.GlobalExceptionHandler - Sorry, An error occured while processing the request: org.springframework.web.HttpMediaTypeNotSupportedException: Content type 'multipart/form-data;boundary=--------------------------400342087516931361289346;charset=UTF-8' not supported


18:18:28.145 [http-nio-9000-exec-3] INFO  c.i.Exception.GlobalExceptionHandler - GlobalExceptionHandler handling exception method completed
18:19:00.025 [http-nio-9000-exec-2] INFO  c.i.Exception.GlobalExceptionHandler - GlobalExceptionHandler handling exception method executing
18:19:00.025 [http-nio-9000-exec-2] INFO  c.i.Exception.GlobalExceptionHandler - Sorry, An error occured while processing the request: org.springframework.web.HttpMediaTypeNotSupportedException: Content type 'application/octet-stream' not supported


18:19:00.025 [http-nio-9000-exec-2] INFO  c.i.Exception.GlobalExceptionHandler - GlobalExceptionHandler handling exception method completed
18:20:14.688 [RMI TCP Connection(6)-127.0.0.1] INFO  o.s.b.a.SpringApplicationAdminMXBeanRegistrar$SpringApplicationAdmin - Application shutdown requested.
18:20:14.882 [RMI TCP Connection(6)-127.0.0.1] INFO  o.a.coyote.http11.Http11NioProtocol - Pausing ProtocolHandler ["http-nio-9000"]
18:20:14.883 [RMI TCP Connection(6)-127.0.0.1] INFO  o.a.catalina.core.StandardService - Stopping service [Tomcat]
18:20:14.884 [RMI TCP Connection(6)-127.0.0.1] INFO  o.a.c.c.C.[Tomcat].[localhost].[/] - Destroying Spring FrameworkServlet 'dispatcherServlet'
18:20:14.888 [RMI TCP Connection(6)-127.0.0.1] INFO  o.a.coyote.http11.Http11NioProtocol - Stopping ProtocolHandler ["http-nio-9000"]
18:20:14.921 [RMI TCP Connection(6)-127.0.0.1] INFO  o.a.coyote.http11.Http11NioProtocol - Destroying ProtocolHandler ["http-nio-9000"]
18:20:14.931 [RMI TCP Connection(6)-127.0.0.1] INFO  o.s.o.j.LocalContainerEntityManagerFactoryBean - Closing JPA EntityManagerFactory for persistence unit 'default'
18:20:14.933 [RMI TCP Connection(6)-127.0.0.1] INFO  com.zaxxer.hikari.HikariDataSource - HikariPool-1 - Shutdown initiated...
18:20:14.939 [RMI TCP Connection(6)-127.0.0.1] INFO  com.zaxxer.hikari.HikariDataSource - HikariPool-1 - Shutdown completed.
18:20:16.954 [background-preinit] INFO  o.h.validator.internal.util.Version - HV000001: Hibernate Validator 6.2.4.Final
18:20:16.961 [main] INFO  c.i.SpringBootSecurityJwtApplication - Starting SpringBootSecurityJwtApplication using Java 1.8.0_221 on bhavyakU-TKS with PID 23240 (D:\ProjectWorkspaces\spring-boot-spring-security-jwt-authentication (1)\spring-boot-spring-security-jwt-authentication (1)\target\classes started by bhavya.singh in D:\ProjectWorkspaces\spring-boot-spring-security-jwt-authentication (1)\spring-boot-spring-security-jwt-authentication (1))
18:20:16.962 [main] INFO  c.i.SpringBootSecurityJwtApplication - No active profile set, falling back to 1 default profile: "default"
18:20:17.676 [main] INFO  o.s.d.r.c.RepositoryConfigurationDelegate - Bootstrapping Spring Data JPA repositories in DEFAULT mode.
18:20:17.770 [main] INFO  o.s.d.r.c.RepositoryConfigurationDelegate - Finished Spring Data repository scanning in 85 ms. Found 18 JPA repository interfaces.
18:20:18.272 [main] INFO  o.s.b.w.e.tomcat.TomcatWebServer - Tomcat initialized with port(s): 9000 (http)
18:20:18.281 [main] INFO  o.a.coyote.http11.Http11NioProtocol - Initializing ProtocolHandler ["http-nio-9000"]
18:20:18.282 [main] INFO  o.a.catalina.core.StandardService - Starting service [Tomcat]
18:20:18.282 [main] INFO  o.a.catalina.core.StandardEngine - Starting Servlet engine: [Apache Tomcat/9.0.65]
18:20:18.404 [main] INFO  o.a.c.c.C.[Tomcat].[localhost].[/] - Initializing Spring embedded WebApplicationContext
18:20:18.405 [main] INFO  o.s.b.w.s.c.ServletWebServerApplicationContext - Root WebApplicationContext: initialization completed in 1402 ms
18:20:18.560 [main] INFO  o.h.jpa.internal.util.LogHelper - HHH000204: Processing PersistenceUnitInfo [name: default]
18:20:18.599 [main] INFO  org.hibernate.Version - HHH000412: Hibernate ORM core version 5.6.10.Final
18:20:18.718 [main] INFO  o.h.annotations.common.Version - HCANN000001: Hibernate Commons Annotations {5.1.2.Final}
18:20:18.795 [main] INFO  com.zaxxer.hikari.HikariDataSource - HikariPool-1 - Starting...
18:20:19.631 [main] INFO  com.zaxxer.hikari.HikariDataSource - HikariPool-1 - Start completed.
18:20:19.658 [main] INFO  org.hibernate.dialect.Dialect - HHH000400: Using dialect: org.hibernate.dialect.SQLServer2016Dialect
18:20:20.145 [main] INFO  c.i.p.entities.StockAssignment - StockAssignment no-args constructor executed
18:20:20.303 [main] INFO  c.i.p.entities.StoreProductMapping - StoreProductMapping no-args constructor executed
18:20:20.313 [main] INFO  c.i.leave.entities.LeaveRequestInfo - LeaveRequestInfo no-args constructor executed
18:20:20.328 [main] INFO  c.i.c.leave.entities.Icon - Icon no-args constructor executed
18:20:20.337 [main] INFO  c.i.c.leave.entities.LeaveType - LeaveType no-args constructor executed
18:20:20.354 [main] INFO  c.i.c.promoter.entities.Category - Category no-args constructor executed
18:20:20.373 [main] INFO  c.i.promoter.entities.StockBalance - StockBalance no-args constructor executed
18:20:20.382 [main] INFO  c.i.leave.entities.LeaveBalanceInfo - LeaveBalanceInfo no-args constructor executed
18:20:20.390 [main] INFO  c.i.c.leave.entities.Color - Color no-args constructor executed
18:20:20.396 [main] INFO  c.i.c.leave.entities.MasterLeave - MasterLeave no-args constructor executed
18:20:20.403 [main] INFO  c.i.c.promoter.entities.Product - Product no-args constructor executed
18:20:20.414 [main] INFO  com.isfa.models.User - User no-args cons executing
18:20:21.581 [main] INFO  o.h.e.t.j.p.i.JtaPlatformInitiator - HHH000490: Using JtaPlatform implementation: [org.hibernate.engine.transaction.jta.platform.internal.NoJtaPlatform]
18:20:21.700 [main] INFO  o.s.o.j.LocalContainerEntityManagerFactoryBean - Initialized JPA EntityManagerFactory for persistence unit 'default'
18:20:22.617 [main] WARN  o.s.b.a.o.j.JpaBaseConfiguration$JpaWebConfiguration - spring.jpa.open-in-view is enabled by default. Therefore, database queries may be performed during view rendering. Explicitly configure spring.jpa.open-in-view to disable this warning
18:20:22.744 [main] INFO  com.isfa.swagger.SwaggerConfig - SwaggerConfig docket api method executing
18:20:22.748 [main] INFO  com.isfa.swagger.SwaggerConfig - SwaggerConfig docket apiInfo method executing
18:20:23.002 [main] INFO  o.a.coyote.http11.Http11NioProtocol - Starting ProtocolHandler ["http-nio-9000"]
18:20:23.025 [main] INFO  o.s.b.w.e.tomcat.TomcatWebServer - Tomcat started on port(s): 9000 (http) with context path ''
18:20:23.446 [main] INFO  c.i.SpringBootSecurityJwtApplication - Started SpringBootSecurityJwtApplication in 6.843 seconds (JVM running for 7.644)
18:20:27.818 [http-nio-9000-exec-2] INFO  o.a.c.c.C.[Tomcat].[localhost].[/] - Initializing Spring DispatcherServlet 'dispatcherServlet'
18:20:27.818 [http-nio-9000-exec-2] INFO  o.s.web.servlet.DispatcherServlet - Initializing Servlet 'dispatcherServlet'
18:20:27.821 [http-nio-9000-exec-2] INFO  o.s.web.servlet.DispatcherServlet - Completed initialization in 3 ms
18:20:27.864 [http-nio-9000-exec-2] INFO  c.i.Exception.GlobalExceptionHandler - GlobalExceptionHandler handling exception method executing
18:20:27.865 [http-nio-9000-exec-2] INFO  c.i.Exception.GlobalExceptionHandler - Sorry, An error occured while processing the request: org.springframework.web.HttpMediaTypeNotSupportedException: Content type 'application/octet-stream' not supported


18:20:27.865 [http-nio-9000-exec-2] INFO  c.i.Exception.GlobalExceptionHandler - GlobalExceptionHandler handling exception method completed
18:24:06.822 [http-nio-9000-exec-6] INFO  c.i.Exception.GlobalExceptionHandler - GlobalExceptionHandler handling exception method executing
18:24:06.823 [http-nio-9000-exec-6] INFO  c.i.Exception.GlobalExceptionHandler - Sorry, An error occured while processing the request: org.springframework.web.HttpMediaTypeNotSupportedException: Content type 'multipart/form-data;boundary=--------------------------639307602827249058118567;charset=UTF-8' not supported


18:24:06.823 [http-nio-9000-exec-6] INFO  c.i.Exception.GlobalExceptionHandler - GlobalExceptionHandler handling exception method completed
18:26:44.338 [http-nio-9000-exec-9] INFO  c.i.c.l.c.LeaveTypeController - Leave Type Controller Getting Leave By Id executing
18:26:44.338 [http-nio-9000-exec-9] INFO  c.i.c.l.service.LeaveTypeServiceImpl - LeaveType Service Getting LeaveType By Id executing
18:26:44.338 [http-nio-9000-exec-9] INFO  c.i.c.l.service.LeaveTypeServiceImpl - LeaveType Repository Getting LeaveType By Id executing
18:26:44.756 [http-nio-9000-exec-9] INFO  c.i.c.l.service.LeaveTypeServiceImpl - LeaveType Repository Getting LeaveType By Id completed
18:26:44.756 [http-nio-9000-exec-9] INFO  c.i.c.l.service.LeaveTypeServiceImpl - LeaveType at provided id doesn't exists 
18:26:44.757 [http-nio-9000-exec-9] INFO  c.i.c.l.service.LeaveTypeServiceImpl - LeaveType Service Getting LeaveType By Id completed
18:26:48.220 [http-nio-9000-exec-8] INFO  c.i.c.l.c.LeaveTypeController - Leave Type Controller Getting Leave By Id executing
18:26:48.220 [http-nio-9000-exec-8] INFO  c.i.c.l.service.LeaveTypeServiceImpl - LeaveType Service Getting LeaveType By Id executing
18:26:48.220 [http-nio-9000-exec-8] INFO  c.i.c.l.service.LeaveTypeServiceImpl - LeaveType Repository Getting LeaveType By Id executing
18:26:48.536 [http-nio-9000-exec-8] INFO  c.i.c.l.service.LeaveTypeServiceImpl - LeaveType Repository Getting LeaveType By Id completed
18:26:48.536 [http-nio-9000-exec-8] INFO  c.i.c.l.service.LeaveTypeServiceImpl - LeaveType at provided id doesn't exists 
18:26:48.536 [http-nio-9000-exec-8] INFO  c.i.c.l.service.LeaveTypeServiceImpl - LeaveType Service Getting LeaveType By Id completed
18:26:51.341 [http-nio-9000-exec-10] INFO  c.i.c.l.c.LeaveTypeController - Leave Type Controller Getting Leave By Id executing
18:26:51.341 [http-nio-9000-exec-10] INFO  c.i.c.l.service.LeaveTypeServiceImpl - LeaveType Service Getting LeaveType By Id executing
18:26:51.341 [http-nio-9000-exec-10] INFO  c.i.c.l.service.LeaveTypeServiceImpl - LeaveType Repository Getting LeaveType By Id executing
18:26:51.559 [http-nio-9000-exec-10] INFO  c.i.c.leave.entities.LeaveType - LeaveType no-args constructor executed
18:26:51.715 [http-nio-9000-exec-10] INFO  c.i.c.l.service.LeaveTypeServiceImpl - LeaveType Repository Getting LeaveType By Id completed
18:26:51.716 [http-nio-9000-exec-10] INFO  c.i.c.l.service.LeaveTypeServiceImpl - LeaveType at provided id exists 
18:26:51.719 [http-nio-9000-exec-10] INFO  c.i.Exception.GlobalExceptionHandler - GlobalExceptionHandler handling exception method executing
18:26:51.719 [http-nio-9000-exec-10] INFO  c.i.Exception.GlobalExceptionHandler - Sorry, An error occured while processing the request: com.isfa.Exception.ResourceNotFoundException: Leave type icon not found with ID 10


18:26:51.719 [http-nio-9000-exec-10] INFO  c.i.Exception.GlobalExceptionHandler - GlobalExceptionHandler handling exception method completed
18:27:33.857 [http-nio-9000-exec-2] INFO  c.i.c.l.c.LeaveTypeController - Leave Type Controller Getting Leave By Id executing
18:27:33.857 [http-nio-9000-exec-2] INFO  c.i.c.l.service.LeaveTypeServiceImpl - LeaveType Service Getting LeaveType By Id executing
18:27:33.857 [http-nio-9000-exec-2] INFO  c.i.c.l.service.LeaveTypeServiceImpl - LeaveType Repository Getting LeaveType By Id executing
18:27:34.060 [http-nio-9000-exec-2] INFO  c.i.c.leave.entities.LeaveType - LeaveType no-args constructor executed
18:27:34.175 [http-nio-9000-exec-2] INFO  c.i.c.l.service.LeaveTypeServiceImpl - LeaveType Repository Getting LeaveType By Id completed
18:27:34.175 [http-nio-9000-exec-2] INFO  c.i.c.l.service.LeaveTypeServiceImpl - LeaveType at provided id exists 
18:27:34.176 [http-nio-9000-exec-2] INFO  c.i.Exception.GlobalExceptionHandler - GlobalExceptionHandler handling exception method executing
18:27:34.176 [http-nio-9000-exec-2] INFO  c.i.Exception.GlobalExceptionHandler - Sorry, An error occured while processing the request: com.isfa.Exception.ResourceNotFoundException: Leave type icon not found with ID 4


18:27:34.176 [http-nio-9000-exec-2] INFO  c.i.Exception.GlobalExceptionHandler - GlobalExceptionHandler handling exception method completed
18:34:25.834 [RMI TCP Connection(16)-127.0.0.1] INFO  o.s.b.a.SpringApplicationAdminMXBeanRegistrar$SpringApplicationAdmin - Application shutdown requested.
18:34:26.038 [RMI TCP Connection(16)-127.0.0.1] INFO  o.a.coyote.http11.Http11NioProtocol - Pausing ProtocolHandler ["http-nio-9000"]
18:34:26.039 [RMI TCP Connection(16)-127.0.0.1] INFO  o.a.catalina.core.StandardService - Stopping service [Tomcat]
18:34:26.041 [RMI TCP Connection(16)-127.0.0.1] INFO  o.a.c.c.C.[Tomcat].[localhost].[/] - Destroying Spring FrameworkServlet 'dispatcherServlet'
18:34:26.046 [RMI TCP Connection(16)-127.0.0.1] INFO  o.a.coyote.http11.Http11NioProtocol - Stopping ProtocolHandler ["http-nio-9000"]
18:34:26.050 [RMI TCP Connection(16)-127.0.0.1] INFO  o.a.coyote.http11.Http11NioProtocol - Destroying ProtocolHandler ["http-nio-9000"]
18:34:26.059 [RMI TCP Connection(16)-127.0.0.1] INFO  o.s.o.j.LocalContainerEntityManagerFactoryBean - Closing JPA EntityManagerFactory for persistence unit 'default'
18:34:26.061 [RMI TCP Connection(16)-127.0.0.1] INFO  com.zaxxer.hikari.HikariDataSource - HikariPool-1 - Shutdown initiated...
18:34:26.066 [RMI TCP Connection(16)-127.0.0.1] INFO  com.zaxxer.hikari.HikariDataSource - HikariPool-1 - Shutdown completed.
18:34:27.937 [background-preinit] INFO  o.h.validator.internal.util.Version - HV000001: Hibernate Validator 6.2.4.Final
18:34:27.945 [main] INFO  c.i.SpringBootSecurityJwtApplication - Starting SpringBootSecurityJwtApplication using Java 1.8.0_221 on bhavyakU-TKS with PID 27448 (D:\ProjectWorkspaces\spring-boot-spring-security-jwt-authentication (1)\spring-boot-spring-security-jwt-authentication (1)\target\classes started by bhavya.singh in D:\ProjectWorkspaces\spring-boot-spring-security-jwt-authentication (1)\spring-boot-spring-security-jwt-authentication (1))
18:34:27.946 [main] INFO  c.i.SpringBootSecurityJwtApplication - No active profile set, falling back to 1 default profile: "default"
18:34:28.633 [main] INFO  o.s.d.r.c.RepositoryConfigurationDelegate - Bootstrapping Spring Data JPA repositories in DEFAULT mode.
18:34:28.723 [main] INFO  o.s.d.r.c.RepositoryConfigurationDelegate - Finished Spring Data repository scanning in 83 ms. Found 18 JPA repository interfaces.
18:34:29.223 [main] INFO  o.s.b.w.e.tomcat.TomcatWebServer - Tomcat initialized with port(s): 9000 (http)
18:34:29.232 [main] INFO  o.a.coyote.http11.Http11NioProtocol - Initializing ProtocolHandler ["http-nio-9000"]
18:34:29.233 [main] INFO  o.a.catalina.core.StandardService - Starting service [Tomcat]
18:34:29.233 [main] INFO  o.a.catalina.core.StandardEngine - Starting Servlet engine: [Apache Tomcat/9.0.65]
18:34:29.348 [main] INFO  o.a.c.c.C.[Tomcat].[localhost].[/] - Initializing Spring embedded WebApplicationContext
18:34:29.348 [main] INFO  o.s.b.w.s.c.ServletWebServerApplicationContext - Root WebApplicationContext: initialization completed in 1361 ms
18:34:29.493 [main] INFO  o.h.jpa.internal.util.LogHelper - HHH000204: Processing PersistenceUnitInfo [name: default]
18:34:29.527 [main] INFO  org.hibernate.Version - HHH000412: Hibernate ORM core version 5.6.10.Final
18:34:29.634 [main] INFO  o.h.annotations.common.Version - HCANN000001: Hibernate Commons Annotations {5.1.2.Final}
18:34:29.707 [main] INFO  com.zaxxer.hikari.HikariDataSource - HikariPool-1 - Starting...
18:34:30.702 [main] INFO  com.zaxxer.hikari.HikariDataSource - HikariPool-1 - Start completed.
18:34:30.730 [main] INFO  org.hibernate.dialect.Dialect - HHH000400: Using dialect: org.hibernate.dialect.SQLServer2016Dialect
18:34:31.201 [main] INFO  c.i.p.entities.StockAssignment - StockAssignment no-args constructor executed
18:34:31.360 [main] INFO  c.i.p.entities.StoreProductMapping - StoreProductMapping no-args constructor executed
18:34:31.371 [main] INFO  c.i.leave.entities.LeaveRequestInfo - LeaveRequestInfo no-args constructor executed
18:34:31.389 [main] INFO  c.i.c.leave.entities.Icon - Icon no-args constructor executed
18:34:31.398 [main] INFO  c.i.c.leave.entities.LeaveType - LeaveType no-args constructor executed
18:34:31.419 [main] INFO  c.i.c.promoter.entities.Category - Category no-args constructor executed
18:34:31.442 [main] INFO  c.i.promoter.entities.StockBalance - StockBalance no-args constructor executed
18:34:31.451 [main] INFO  c.i.leave.entities.LeaveBalanceInfo - LeaveBalanceInfo no-args constructor executed
18:34:31.458 [main] INFO  c.i.c.leave.entities.Color - Color no-args constructor executed
18:34:31.466 [main] INFO  c.i.c.leave.entities.MasterLeave - MasterLeave no-args constructor executed
18:34:31.472 [main] INFO  c.i.c.promoter.entities.Product - Product no-args constructor executed
18:34:31.485 [main] INFO  com.isfa.models.User - User no-args cons executing
18:34:33.172 [main] INFO  o.h.e.t.j.p.i.JtaPlatformInitiator - HHH000490: Using JtaPlatform implementation: [org.hibernate.engine.transaction.jta.platform.internal.NoJtaPlatform]
18:34:33.288 [main] INFO  o.s.o.j.LocalContainerEntityManagerFactoryBean - Initialized JPA EntityManagerFactory for persistence unit 'default'
18:34:34.113 [main] WARN  o.s.b.a.o.j.JpaBaseConfiguration$JpaWebConfiguration - spring.jpa.open-in-view is enabled by default. Therefore, database queries may be performed during view rendering. Explicitly configure spring.jpa.open-in-view to disable this warning
18:34:34.226 [main] INFO  com.isfa.swagger.SwaggerConfig - SwaggerConfig docket api method executing
18:34:34.229 [main] INFO  com.isfa.swagger.SwaggerConfig - SwaggerConfig docket apiInfo method executing
18:34:34.497 [main] INFO  o.a.coyote.http11.Http11NioProtocol - Starting ProtocolHandler ["http-nio-9000"]
18:34:34.522 [main] INFO  o.s.b.w.e.tomcat.TomcatWebServer - Tomcat started on port(s): 9000 (http) with context path ''
18:34:34.933 [main] INFO  c.i.SpringBootSecurityJwtApplication - Started SpringBootSecurityJwtApplication in 7.347 seconds (JVM running for 8.024)
18:34:38.659 [http-nio-9000-exec-3] INFO  o.a.c.c.C.[Tomcat].[localhost].[/] - Initializing Spring DispatcherServlet 'dispatcherServlet'
18:34:38.659 [http-nio-9000-exec-3] INFO  o.s.web.servlet.DispatcherServlet - Initializing Servlet 'dispatcherServlet'
18:34:38.665 [http-nio-9000-exec-3] INFO  o.s.web.servlet.DispatcherServlet - Completed initialization in 6 ms
18:34:38.696 [http-nio-9000-exec-3] INFO  c.i.c.l.c.LeaveTypeController - Leave Type Controller Getting Leave By Id executing
18:34:38.697 [http-nio-9000-exec-3] INFO  c.i.c.l.service.LeaveTypeServiceImpl - LeaveType Service Getting LeaveType By Id executing
18:34:38.697 [http-nio-9000-exec-3] INFO  c.i.c.l.service.LeaveTypeServiceImpl - LeaveType Repository Getting LeaveType By Id executing
18:34:38.941 [http-nio-9000-exec-3] INFO  c.i.c.leave.entities.LeaveType - LeaveType no-args constructor executed
18:34:39.091 [http-nio-9000-exec-3] INFO  c.i.c.l.service.LeaveTypeServiceImpl - LeaveType Repository Getting LeaveType By Id completed
18:34:39.091 [http-nio-9000-exec-3] INFO  c.i.c.l.service.LeaveTypeServiceImpl - LeaveType at provided id exists 
18:34:39.093 [http-nio-9000-exec-3] INFO  c.i.c.l.response.LeaveTypeResponse - LeaveTypeResponse method converting LeaveType obj to LeaveTypeResponse obj executing
18:34:39.093 [http-nio-9000-exec-3] INFO  c.i.c.l.response.LeaveTypeResponse - LeaveTypeResponse method converting LeaveType obj to LeaveTypeResponse obj completed
18:34:39.094 [http-nio-9000-exec-3] INFO  c.i.c.l.service.LeaveTypeServiceImpl - LeaveType Service Getting LeaveType By Id completed
18:36:56.385 [http-nio-9000-exec-5] INFO  c.i.c.l.c.LeaveTypeController - Leave Type Controller Getting Leave By Id executing
18:36:56.385 [http-nio-9000-exec-5] INFO  c.i.c.l.service.LeaveTypeServiceImpl - LeaveType Service Getting LeaveType By Id executing
18:36:56.385 [http-nio-9000-exec-5] INFO  c.i.c.l.service.LeaveTypeServiceImpl - LeaveType Repository Getting LeaveType By Id executing
18:36:56.592 [http-nio-9000-exec-5] INFO  c.i.c.leave.entities.LeaveType - LeaveType no-args constructor executed
18:36:56.716 [http-nio-9000-exec-5] INFO  c.i.c.l.service.LeaveTypeServiceImpl - LeaveType Repository Getting LeaveType By Id completed
18:36:56.716 [http-nio-9000-exec-5] INFO  c.i.c.l.service.LeaveTypeServiceImpl - LeaveType at provided id exists 
18:36:56.717 [http-nio-9000-exec-5] INFO  c.i.c.l.response.LeaveTypeResponse - LeaveTypeResponse method converting LeaveType obj to LeaveTypeResponse obj executing
18:36:56.717 [http-nio-9000-exec-5] INFO  c.i.c.l.response.LeaveTypeResponse - LeaveTypeResponse method converting LeaveType obj to LeaveTypeResponse obj completed
18:36:56.717 [http-nio-9000-exec-5] INFO  c.i.c.l.service.LeaveTypeServiceImpl - LeaveType Service Getting LeaveType By Id completed
18:38:45.307 [RMI TCP Connection(8)-127.0.0.1] INFO  o.s.b.a.SpringApplicationAdminMXBeanRegistrar$SpringApplicationAdmin - Application shutdown requested.
18:38:45.520 [RMI TCP Connection(8)-127.0.0.1] INFO  o.a.coyote.http11.Http11NioProtocol - Pausing ProtocolHandler ["http-nio-9000"]
18:38:45.521 [RMI TCP Connection(8)-127.0.0.1] INFO  o.a.catalina.core.StandardService - Stopping service [Tomcat]
18:38:45.522 [RMI TCP Connection(8)-127.0.0.1] INFO  o.a.c.c.C.[Tomcat].[localhost].[/] - Destroying Spring FrameworkServlet 'dispatcherServlet'
18:38:45.527 [RMI TCP Connection(8)-127.0.0.1] INFO  o.a.coyote.http11.Http11NioProtocol - Stopping ProtocolHandler ["http-nio-9000"]
18:38:45.531 [RMI TCP Connection(8)-127.0.0.1] INFO  o.a.coyote.http11.Http11NioProtocol - Destroying ProtocolHandler ["http-nio-9000"]
18:38:45.539 [RMI TCP Connection(8)-127.0.0.1] INFO  o.s.o.j.LocalContainerEntityManagerFactoryBean - Closing JPA EntityManagerFactory for persistence unit 'default'
18:38:45.540 [RMI TCP Connection(8)-127.0.0.1] INFO  com.zaxxer.hikari.HikariDataSource - HikariPool-1 - Shutdown initiated...
18:38:45.547 [RMI TCP Connection(8)-127.0.0.1] INFO  com.zaxxer.hikari.HikariDataSource - HikariPool-1 - Shutdown completed.
18:38:47.528 [background-preinit] INFO  o.h.validator.internal.util.Version - HV000001: Hibernate Validator 6.2.4.Final
18:38:47.532 [main] INFO  c.i.SpringBootSecurityJwtApplication - Starting SpringBootSecurityJwtApplication using Java 1.8.0_221 on bhavyakU-TKS with PID 10020 (D:\ProjectWorkspaces\spring-boot-spring-security-jwt-authentication (1)\spring-boot-spring-security-jwt-authentication (1)\target\classes started by bhavya.singh in D:\ProjectWorkspaces\spring-boot-spring-security-jwt-authentication (1)\spring-boot-spring-security-jwt-authentication (1))
18:38:47.534 [main] INFO  c.i.SpringBootSecurityJwtApplication - No active profile set, falling back to 1 default profile: "default"
18:38:48.229 [main] INFO  o.s.d.r.c.RepositoryConfigurationDelegate - Bootstrapping Spring Data JPA repositories in DEFAULT mode.
18:38:48.324 [main] INFO  o.s.d.r.c.RepositoryConfigurationDelegate - Finished Spring Data repository scanning in 87 ms. Found 18 JPA repository interfaces.
18:38:48.808 [main] INFO  o.s.b.w.e.tomcat.TomcatWebServer - Tomcat initialized with port(s): 9000 (http)
18:38:48.816 [main] INFO  o.a.coyote.http11.Http11NioProtocol - Initializing ProtocolHandler ["http-nio-9000"]
18:38:48.817 [main] INFO  o.a.catalina.core.StandardService - Starting service [Tomcat]
18:38:48.818 [main] INFO  o.a.catalina.core.StandardEngine - Starting Servlet engine: [Apache Tomcat/9.0.65]
18:38:48.943 [main] INFO  o.a.c.c.C.[Tomcat].[localhost].[/] - Initializing Spring embedded WebApplicationContext
18:38:48.944 [main] INFO  o.s.b.w.s.c.ServletWebServerApplicationContext - Root WebApplicationContext: initialization completed in 1369 ms
18:38:49.082 [main] INFO  o.h.jpa.internal.util.LogHelper - HHH000204: Processing PersistenceUnitInfo [name: default]
18:38:49.114 [main] INFO  org.hibernate.Version - HHH000412: Hibernate ORM core version 5.6.10.Final
18:38:49.219 [main] INFO  o.h.annotations.common.Version - HCANN000001: Hibernate Commons Annotations {5.1.2.Final}
18:38:49.289 [main] INFO  com.zaxxer.hikari.HikariDataSource - HikariPool-1 - Starting...
18:38:50.293 [main] INFO  com.zaxxer.hikari.HikariDataSource - HikariPool-1 - Start completed.
18:38:50.322 [main] INFO  org.hibernate.dialect.Dialect - HHH000400: Using dialect: org.hibernate.dialect.SQLServer2016Dialect
18:38:50.847 [main] INFO  c.i.p.entities.StockAssignment - StockAssignment no-args constructor executed
18:38:50.998 [main] INFO  c.i.p.entities.StoreProductMapping - StoreProductMapping no-args constructor executed
18:38:51.010 [main] INFO  c.i.leave.entities.LeaveRequestInfo - LeaveRequestInfo no-args constructor executed
18:38:51.045 [main] INFO  c.i.c.leave.entities.Icon - Icon no-args constructor executed
18:38:51.056 [main] INFO  c.i.c.leave.entities.LeaveType - LeaveType no-args constructor executed
18:38:51.076 [main] INFO  c.i.c.promoter.entities.Category - Category no-args constructor executed
18:38:51.099 [main] INFO  c.i.promoter.entities.StockBalance - StockBalance no-args constructor executed
18:38:51.108 [main] INFO  c.i.leave.entities.LeaveBalanceInfo - LeaveBalanceInfo no-args constructor executed
18:38:51.116 [main] INFO  c.i.c.leave.entities.Color - Color no-args constructor executed
18:38:51.122 [main] INFO  c.i.c.leave.entities.MasterLeave - MasterLeave no-args constructor executed
18:38:51.129 [main] INFO  c.i.c.promoter.entities.Product - Product no-args constructor executed
18:38:51.141 [main] INFO  com.isfa.models.User - User no-args cons executing
18:38:52.220 [main] INFO  o.h.e.t.j.p.i.JtaPlatformInitiator - HHH000490: Using JtaPlatform implementation: [org.hibernate.engine.transaction.jta.platform.internal.NoJtaPlatform]
18:38:52.344 [main] INFO  o.s.o.j.LocalContainerEntityManagerFactoryBean - Initialized JPA EntityManagerFactory for persistence unit 'default'
18:38:53.191 [main] WARN  o.s.b.a.o.j.JpaBaseConfiguration$JpaWebConfiguration - spring.jpa.open-in-view is enabled by default. Therefore, database queries may be performed during view rendering. Explicitly configure spring.jpa.open-in-view to disable this warning
18:38:53.312 [main] INFO  com.isfa.swagger.SwaggerConfig - SwaggerConfig docket api method executing
18:38:53.316 [main] INFO  com.isfa.swagger.SwaggerConfig - SwaggerConfig docket apiInfo method executing
18:38:53.608 [main] INFO  o.a.coyote.http11.Http11NioProtocol - Starting ProtocolHandler ["http-nio-9000"]
18:38:53.630 [main] INFO  o.s.b.w.e.tomcat.TomcatWebServer - Tomcat started on port(s): 9000 (http) with context path ''
18:38:54.022 [main] INFO  c.i.SpringBootSecurityJwtApplication - Started SpringBootSecurityJwtApplication in 6.857 seconds (JVM running for 7.659)
18:38:58.409 [http-nio-9000-exec-4] INFO  o.a.c.c.C.[Tomcat].[localhost].[/] - Initializing Spring DispatcherServlet 'dispatcherServlet'
18:38:58.409 [http-nio-9000-exec-4] INFO  o.s.web.servlet.DispatcherServlet - Initializing Servlet 'dispatcherServlet'
18:38:58.411 [http-nio-9000-exec-4] INFO  o.s.web.servlet.DispatcherServlet - Completed initialization in 2 ms
18:38:58.444 [http-nio-9000-exec-4] INFO  c.i.c.l.c.LeaveTypeController - Leave Type Controller Getting Leave By Id executing
18:38:58.444 [http-nio-9000-exec-4] INFO  c.i.c.l.service.LeaveTypeServiceImpl - LeaveType Service Getting LeaveType By Id executing
18:38:58.444 [http-nio-9000-exec-4] INFO  c.i.c.l.service.LeaveTypeServiceImpl - LeaveType Repository Getting LeaveType By Id executing
18:38:58.699 [http-nio-9000-exec-4] INFO  c.i.c.leave.entities.LeaveType - LeaveType no-args constructor executed
18:38:58.838 [http-nio-9000-exec-4] INFO  c.i.c.l.service.LeaveTypeServiceImpl - LeaveType Repository Getting LeaveType By Id completed
18:38:58.839 [http-nio-9000-exec-4] INFO  c.i.c.l.service.LeaveTypeServiceImpl - LeaveType at provided id exists 
18:38:58.845 [http-nio-9000-exec-4] INFO  c.i.c.l.response.LeaveTypeResponse - LeaveTypeResponse method converting LeaveType obj to LeaveTypeResponse obj executing
18:38:58.846 [http-nio-9000-exec-4] INFO  c.i.c.l.response.LeaveTypeResponse - LeaveTypeResponse method converting LeaveType obj to LeaveTypeResponse obj completed
18:38:58.846 [http-nio-9000-exec-4] INFO  c.i.c.l.service.LeaveTypeServiceImpl - LeaveType Service Getting LeaveType By Id completed
18:40:48.148 [http-nio-9000-exec-5] INFO  c.i.Exception.GlobalExceptionHandler - GlobalExceptionHandler handling exception method executing
18:40:48.148 [http-nio-9000-exec-5] INFO  c.i.Exception.GlobalExceptionHandler - Sorry, An error occured while processing the request: org.springframework.web.HttpMediaTypeNotSupportedException: Content type 'multipart/form-data;boundary=--------------------------350493682424651713075768;charset=UTF-8' not supported


18:40:48.148 [http-nio-9000-exec-5] INFO  c.i.Exception.GlobalExceptionHandler - GlobalExceptionHandler handling exception method completed
18:43:46.529 [RMI TCP Connection(8)-127.0.0.1] INFO  o.s.b.a.SpringApplicationAdminMXBeanRegistrar$SpringApplicationAdmin - Application shutdown requested.
18:43:46.698 [RMI TCP Connection(8)-127.0.0.1] INFO  o.a.coyote.http11.Http11NioProtocol - Pausing ProtocolHandler ["http-nio-9000"]
18:43:46.698 [RMI TCP Connection(8)-127.0.0.1] INFO  o.a.catalina.core.StandardService - Stopping service [Tomcat]
18:43:46.699 [RMI TCP Connection(8)-127.0.0.1] INFO  o.a.c.c.C.[Tomcat].[localhost].[/] - Destroying Spring FrameworkServlet 'dispatcherServlet'
18:43:46.704 [RMI TCP Connection(8)-127.0.0.1] INFO  o.a.coyote.http11.Http11NioProtocol - Stopping ProtocolHandler ["http-nio-9000"]
18:43:46.705 [RMI TCP Connection(8)-127.0.0.1] INFO  o.a.coyote.http11.Http11NioProtocol - Destroying ProtocolHandler ["http-nio-9000"]
18:43:46.714 [RMI TCP Connection(8)-127.0.0.1] INFO  o.s.o.j.LocalContainerEntityManagerFactoryBean - Closing JPA EntityManagerFactory for persistence unit 'default'
18:43:46.715 [RMI TCP Connection(8)-127.0.0.1] INFO  com.zaxxer.hikari.HikariDataSource - HikariPool-1 - Shutdown initiated...
18:43:46.722 [RMI TCP Connection(8)-127.0.0.1] INFO  com.zaxxer.hikari.HikariDataSource - HikariPool-1 - Shutdown completed.
18:43:48.741 [background-preinit] INFO  o.h.validator.internal.util.Version - HV000001: Hibernate Validator 6.2.4.Final
18:43:48.747 [main] INFO  c.i.SpringBootSecurityJwtApplication - Starting SpringBootSecurityJwtApplication using Java 1.8.0_221 on bhavyakU-TKS with PID 15864 (D:\ProjectWorkspaces\spring-boot-spring-security-jwt-authentication (1)\spring-boot-spring-security-jwt-authentication (1)\target\classes started by bhavya.singh in D:\ProjectWorkspaces\spring-boot-spring-security-jwt-authentication (1)\spring-boot-spring-security-jwt-authentication (1))
18:43:48.748 [main] INFO  c.i.SpringBootSecurityJwtApplication - No active profile set, falling back to 1 default profile: "default"
18:43:49.450 [main] INFO  o.s.d.r.c.RepositoryConfigurationDelegate - Bootstrapping Spring Data JPA repositories in DEFAULT mode.
18:43:49.544 [main] INFO  o.s.d.r.c.RepositoryConfigurationDelegate - Finished Spring Data repository scanning in 84 ms. Found 18 JPA repository interfaces.
18:43:50.033 [main] INFO  o.s.b.w.e.tomcat.TomcatWebServer - Tomcat initialized with port(s): 9000 (http)
18:43:50.042 [main] INFO  o.a.coyote.http11.Http11NioProtocol - Initializing ProtocolHandler ["http-nio-9000"]
18:43:50.043 [main] INFO  o.a.catalina.core.StandardService - Starting service [Tomcat]
18:43:50.043 [main] INFO  o.a.catalina.core.StandardEngine - Starting Servlet engine: [Apache Tomcat/9.0.65]
18:43:50.155 [main] INFO  o.a.c.c.C.[Tomcat].[localhost].[/] - Initializing Spring embedded WebApplicationContext
18:43:50.155 [main] INFO  o.s.b.w.s.c.ServletWebServerApplicationContext - Root WebApplicationContext: initialization completed in 1365 ms
18:43:50.298 [main] INFO  o.h.jpa.internal.util.LogHelper - HHH000204: Processing PersistenceUnitInfo [name: default]
18:43:50.338 [main] INFO  org.hibernate.Version - HHH000412: Hibernate ORM core version 5.6.10.Final
18:43:50.442 [main] INFO  o.h.annotations.common.Version - HCANN000001: Hibernate Commons Annotations {5.1.2.Final}
18:43:50.515 [main] INFO  com.zaxxer.hikari.HikariDataSource - HikariPool-1 - Starting...
18:43:51.520 [main] INFO  com.zaxxer.hikari.HikariDataSource - HikariPool-1 - Start completed.
18:43:51.545 [main] INFO  org.hibernate.dialect.Dialect - HHH000400: Using dialect: org.hibernate.dialect.SQLServer2016Dialect
18:43:52.020 [main] INFO  c.i.p.entities.StockAssignment - StockAssignment no-args constructor executed
18:43:52.185 [main] INFO  c.i.p.entities.StoreProductMapping - StoreProductMapping no-args constructor executed
18:43:52.197 [main] INFO  c.i.leave.entities.LeaveRequestInfo - LeaveRequestInfo no-args constructor executed
18:43:52.213 [main] INFO  c.i.c.leave.entities.Icon - Icon no-args constructor executed
18:43:52.221 [main] INFO  c.i.c.leave.entities.LeaveType - LeaveType no-args constructor executed
18:43:52.240 [main] INFO  c.i.c.promoter.entities.Category - Category no-args constructor executed
18:43:52.260 [main] INFO  c.i.promoter.entities.StockBalance - StockBalance no-args constructor executed
18:43:52.269 [main] INFO  c.i.leave.entities.LeaveBalanceInfo - LeaveBalanceInfo no-args constructor executed
18:43:52.276 [main] INFO  c.i.c.leave.entities.Color - Color no-args constructor executed
18:43:52.281 [main] INFO  c.i.c.leave.entities.MasterLeave - MasterLeave no-args constructor executed
18:43:52.287 [main] INFO  c.i.c.promoter.entities.Product - Product no-args constructor executed
18:43:52.297 [main] INFO  com.isfa.models.User - User no-args cons executing
18:43:53.430 [main] INFO  o.h.e.t.j.p.i.JtaPlatformInitiator - HHH000490: Using JtaPlatform implementation: [org.hibernate.engine.transaction.jta.platform.internal.NoJtaPlatform]
18:43:53.555 [main] INFO  o.s.o.j.LocalContainerEntityManagerFactoryBean - Initialized JPA EntityManagerFactory for persistence unit 'default'
18:43:54.374 [main] WARN  o.s.b.a.o.j.JpaBaseConfiguration$JpaWebConfiguration - spring.jpa.open-in-view is enabled by default. Therefore, database queries may be performed during view rendering. Explicitly configure spring.jpa.open-in-view to disable this warning
18:43:54.487 [main] INFO  com.isfa.swagger.SwaggerConfig - SwaggerConfig docket api method executing
18:43:54.490 [main] INFO  com.isfa.swagger.SwaggerConfig - SwaggerConfig docket apiInfo method executing
18:43:54.739 [main] INFO  o.a.coyote.http11.Http11NioProtocol - Starting ProtocolHandler ["http-nio-9000"]
18:43:54.762 [main] INFO  o.s.b.w.e.tomcat.TomcatWebServer - Tomcat started on port(s): 9000 (http) with context path ''
18:43:55.146 [main] INFO  c.i.SpringBootSecurityJwtApplication - Started SpringBootSecurityJwtApplication in 6.769 seconds (JVM running for 7.519)
18:43:59.898 [http-nio-9000-exec-3] INFO  o.a.c.c.C.[Tomcat].[localhost].[/] - Initializing Spring DispatcherServlet 'dispatcherServlet'
18:43:59.898 [http-nio-9000-exec-3] INFO  o.s.web.servlet.DispatcherServlet - Initializing Servlet 'dispatcherServlet'
18:43:59.900 [http-nio-9000-exec-3] INFO  o.s.web.servlet.DispatcherServlet - Completed initialization in 2 ms
18:44:00.007 [http-nio-9000-exec-3] INFO  c.i.c.leave.model.BaseRequest - BaseRequest constructor executing..
18:44:00.032 [http-nio-9000-exec-3] INFO  c.i.c.l.c.LeaveTypeController - LeaveType Controller Saving New Leave executing
18:44:00.032 [http-nio-9000-exec-3] INFO  c.i.c.l.service.LeaveTypeServiceImpl - LeaveType Service Saving New LeaveType executing
18:44:00.032 [http-nio-9000-exec-3] INFO  c.i.c.leave.model.LeaveTypeRequest - LeaveTypeRequest method converting LeaveTypeRequest obj to LeaveType obj executing
18:44:00.032 [http-nio-9000-exec-3] INFO  c.i.c.leave.entities.LeaveType - LeaveType no-args constructor executed
18:44:00.032 [http-nio-9000-exec-3] INFO  c.i.c.leave.model.LeaveTypeRequest - LeaveTypeRequest method converting LeaveTypeRequest obj to LeaveType obj completed
18:44:00.032 [http-nio-9000-exec-3] INFO  c.i.c.l.service.LeaveTypeServiceImpl - File name executed
18:44:00.041 [http-nio-9000-exec-3] INFO  c.i.c.l.service.LeaveTypeServiceImpl - File full path executed
18:44:00.048 [http-nio-9000-exec-3] INFO  c.i.c.l.service.LeaveTypeServiceImpl - File copied
18:44:00.321 [http-nio-9000-exec-3] INFO  com.isfa.models.User - User no-args cons executing
18:44:00.471 [http-nio-9000-exec-3] INFO  c.i.c.l.service.LeaveTypeServiceImpl - LeaveType Repository Saving New LeaveType executing
18:44:00.855 [http-nio-9000-exec-3] INFO  c.i.c.l.service.LeaveTypeServiceImpl - LeaveType Repository Saving New LeaveType executing
18:44:00.858 [http-nio-9000-exec-3] INFO  c.i.c.l.response.LeaveTypeResponse - LeaveTypeResponse method converting LeaveType obj to LeaveTypeResponse obj executing
18:44:00.859 [http-nio-9000-exec-3] INFO  c.i.c.l.response.LeaveTypeResponse - LeaveTypeResponse method converting LeaveType obj to LeaveTypeResponse obj completed
18:44:00.860 [http-nio-9000-exec-3] INFO  c.i.c.l.service.LeaveTypeServiceImpl - LeaveType Service Saving New LeaveType completed
18:44:00.860 [http-nio-9000-exec-3] INFO  c.i.c.l.c.LeaveTypeController - LeaveType Service Saving New Leave completed
18:44:00.860 [http-nio-9000-exec-3] INFO  c.i.c.l.c.LeaveTypeController - LeaveType Controller Saving New Leave completed
18:47:14.067 [RMI TCP Connection(8)-127.0.0.1] INFO  o.s.b.a.SpringApplicationAdminMXBeanRegistrar$SpringApplicationAdmin - Application shutdown requested.
18:47:14.249 [RMI TCP Connection(8)-127.0.0.1] INFO  o.a.coyote.http11.Http11NioProtocol - Pausing ProtocolHandler ["http-nio-9000"]
18:47:14.249 [RMI TCP Connection(8)-127.0.0.1] INFO  o.a.catalina.core.StandardService - Stopping service [Tomcat]
18:47:14.251 [RMI TCP Connection(8)-127.0.0.1] INFO  o.a.c.c.C.[Tomcat].[localhost].[/] - Destroying Spring FrameworkServlet 'dispatcherServlet'
18:47:14.255 [RMI TCP Connection(8)-127.0.0.1] INFO  o.a.coyote.http11.Http11NioProtocol - Stopping ProtocolHandler ["http-nio-9000"]
18:47:14.260 [RMI TCP Connection(8)-127.0.0.1] INFO  o.a.coyote.http11.Http11NioProtocol - Destroying ProtocolHandler ["http-nio-9000"]
18:47:14.270 [RMI TCP Connection(8)-127.0.0.1] INFO  o.s.o.j.LocalContainerEntityManagerFactoryBean - Closing JPA EntityManagerFactory for persistence unit 'default'
18:47:14.273 [RMI TCP Connection(8)-127.0.0.1] INFO  com.zaxxer.hikari.HikariDataSource - HikariPool-1 - Shutdown initiated...
18:47:14.279 [RMI TCP Connection(8)-127.0.0.1] INFO  com.zaxxer.hikari.HikariDataSource - HikariPool-1 - Shutdown completed.
