23:04:52.827 [background-preinit] INFO  o.h.validator.internal.util.Version - HV000001: Hibernate Validator 6.2.4.Final
23:04:52.827 [main] INFO  c.i.SpringBootSecurityJwtApplication - Starting SpringBootSecurityJwtApplication using Java 1.8.0_221 on bhavyakU-TKS with PID 24808 (D:\ProjectWorkspaces\spring-boot-spring-security-jwt-authentication (1)\spring-boot-spring-security-jwt-authentication (1)\target\classes started by bhavya.singh in D:\ProjectWorkspaces\spring-boot-spring-security-jwt-authentication (1)\spring-boot-spring-security-jwt-authentication (1))
23:04:52.837 [main] INFO  c.i.SpringBootSecurityJwtApplication - No active profile set, falling back to 1 default profile: "default"
23:04:53.936 [main] INFO  o.s.d.r.c.RepositoryConfigurationDelegate - Bootstrapping Spring Data JPA repositories in DEFAULT mode.
23:04:54.052 [main] INFO  o.s.d.r.c.RepositoryConfigurationDelegate - Finished Spring Data repository scanning in 100 ms. Found 20 JPA repository interfaces.
23:04:54.659 [main] INFO  o.s.b.w.e.tomcat.TomcatWebServer - Tomcat initialized with port(s): 9000 (http)
23:04:54.671 [main] INFO  o.a.coyote.http11.Http11NioProtocol - Initializing ProtocolHandler ["http-nio-9000"]
23:04:54.673 [main] INFO  o.a.catalina.core.StandardService - Starting service [Tomcat]
23:04:54.674 [main] INFO  o.a.catalina.core.StandardEngine - Starting Servlet engine: [Apache Tomcat/9.0.65]
23:04:54.871 [main] INFO  o.a.c.c.C.[Tomcat].[localhost].[/] - Initializing Spring embedded WebApplicationContext
23:04:54.871 [main] INFO  o.s.b.w.s.c.ServletWebServerApplicationContext - Root WebApplicationContext: initialization completed in 1972 ms
23:04:55.080 [main] INFO  o.h.jpa.internal.util.LogHelper - HHH000204: Processing PersistenceUnitInfo [name: default]
23:04:55.143 [main] INFO  org.hibernate.Version - HHH000412: Hibernate ORM core version 5.6.10.Final
23:04:55.334 [main] INFO  o.h.annotations.common.Version - HCANN000001: Hibernate Commons Annotations {5.1.2.Final}
23:04:55.465 [main] INFO  com.zaxxer.hikari.HikariDataSource - HikariPool-1 - Starting...
23:05:01.959 [main] INFO  com.zaxxer.hikari.HikariDataSource - HikariPool-1 - Start completed.
23:05:01.997 [main] INFO  org.hibernate.dialect.Dialect - HHH000400: Using dialect: org.hibernate.dialect.SQLServer2016Dialect
23:05:03.060 [main] INFO  c.i.p.entities.StockAssignment - StockAssignment no-args constructor executed
23:05:03.077 [main] INFO  c.i.p.entities.StoreProductMapping - StoreProductMapping no-args constructor executed
23:05:03.088 [main] INFO  c.i.leave.entities.LeaveRequestInfo - LeaveRequestInfo no-args constructor executed
23:05:03.100 [main] INFO  c.i.c.leave.entities.Icon - Icon no-args constructor executed
23:05:03.105 [main] INFO  c.i.c.leave.entities.LeaveType - LeaveType no-args constructor executed
23:05:03.125 [main] INFO  c.i.c.promoter.entities.Category - Category no-args constructor executed
23:05:03.146 [main] INFO  c.i.promoter.entities.StockBalance - StockBalance no-args constructor executed
23:05:03.152 [main] INFO  c.i.leave.entities.LeaveBalanceInfo - LeaveBalanceInfo no-args constructor executed
23:05:03.160 [main] INFO  c.i.c.leave.entities.Color - Color no-args constructor executed
23:05:03.165 [main] INFO  c.i.c.leave.entities.MasterLeave - MasterLeave no-args constructor executed
23:05:03.171 [main] INFO  c.i.c.promoter.entities.Product - Product no-args constructor executed
23:05:03.181 [main] INFO  com.isfa.models.User - User no-args cons executing
23:05:53.873 [main] WARN  o.h.e.jdbc.spi.SqlExceptionHelper - SQL Error: 0, SQLState: null
23:05:53.874 [main] ERROR o.h.e.jdbc.spi.SqlExceptionHelper - Connection reset
23:05:53.878 [main] WARN  c.zaxxer.hikari.pool.ProxyConnection - HikariPool-1 - Connection ConnectionID:1 ClientConnectionId: 33f27240-5a34-42fe-a353-22bba174e91f marked as broken because of SQLSTATE(08S01), ErrorCode(0)
com.microsoft.sqlserver.jdbc.SQLServerException: The connection is closed.
	at com.microsoft.sqlserver.jdbc.SQLServerException.makeFromDriverError(SQLServerException.java:237)
	at com.microsoft.sqlserver.jdbc.SQLServerConnection.checkClosed(SQLServerConnection.java:1532)
	at com.microsoft.sqlserver.jdbc.SQLServerConnection.clearWarnings(SQLServerConnection.java:4346)
	at com.zaxxer.hikari.pool.ProxyConnection.close(ProxyConnection.java:267)
	at org.hibernate.engine.jdbc.connections.internal.DatasourceConnectionProviderImpl.closeConnection(DatasourceConnectionProviderImpl.java:127)
	at org.hibernate.engine.jdbc.env.internal.JdbcEnvironmentInitiator$ConnectionProviderJdbcConnectionAccess.releaseConnection(JdbcEnvironmentInitiator.java:186)
	at org.hibernate.resource.transaction.backend.jdbc.internal.DdlTransactionIsolatorNonJtaImpl.release(DdlTransactionIsolatorNonJtaImpl.java:99)
	at org.hibernate.tool.schema.internal.AbstractSchemaMigrator.doMigration(AbstractSchemaMigrator.java:147)
	at org.hibernate.tool.schema.spi.SchemaManagementToolCoordinator.performDatabaseAction(SchemaManagementToolCoordinator.java:196)
	at org.hibernate.tool.schema.spi.SchemaManagementToolCoordinator.process(SchemaManagementToolCoordinator.java:85)
	at org.hibernate.internal.SessionFactoryImpl.<init>(SessionFactoryImpl.java:335)
	at org.hibernate.boot.internal.SessionFactoryBuilderImpl.build(SessionFactoryBuilderImpl.java:471)
	at org.hibernate.jpa.boot.internal.EntityManagerFactoryBuilderImpl.build(EntityManagerFactoryBuilderImpl.java:1498)
	at org.springframework.orm.jpa.vendor.SpringHibernateJpaPersistenceProvider.createContainerEntityManagerFactory(SpringHibernateJpaPersistenceProvider.java:58)
	at org.springframework.orm.jpa.LocalContainerEntityManagerFactoryBean.createNativeEntityManagerFactory(LocalContainerEntityManagerFactoryBean.java:365)
	at org.springframework.orm.jpa.AbstractEntityManagerFactoryBean.buildNativeEntityManagerFactory(AbstractEntityManagerFactoryBean.java:409)
	at org.springframework.orm.jpa.AbstractEntityManagerFactoryBean.afterPropertiesSet(AbstractEntityManagerFactoryBean.java:396)
	at org.springframework.orm.jpa.LocalContainerEntityManagerFactoryBean.afterPropertiesSet(LocalContainerEntityManagerFactoryBean.java:341)
	at org.springframework.beans.factory.support.AbstractAutowireCapableBeanFactory.invokeInitMethods(AbstractAutowireCapableBeanFactory.java:1863)
	at org.springframework.beans.factory.support.AbstractAutowireCapableBeanFactory.initializeBean(AbstractAutowireCapableBeanFactory.java:1800)
	at org.springframework.beans.factory.support.AbstractAutowireCapableBeanFactory.doCreateBean(AbstractAutowireCapableBeanFactory.java:620)
	at org.springframework.beans.factory.support.AbstractAutowireCapableBeanFactory.createBean(AbstractAutowireCapableBeanFactory.java:542)
	at org.springframework.beans.factory.support.AbstractBeanFactory.lambda$doGetBean$0(AbstractBeanFactory.java:335)
	at org.springframework.beans.factory.support.DefaultSingletonBeanRegistry.getSingleton(DefaultSingletonBeanRegistry.java:234)
	at org.springframework.beans.factory.support.AbstractBeanFactory.doGetBean(AbstractBeanFactory.java:333)
	at org.springframework.beans.factory.support.AbstractBeanFactory.getBean(AbstractBeanFactory.java:208)
	at org.springframework.context.support.AbstractApplicationContext.getBean(AbstractApplicationContext.java:1154)
	at org.springframework.context.support.AbstractApplicationContext.finishBeanFactoryInitialization(AbstractApplicationContext.java:908)
	at org.springframework.context.support.AbstractApplicationContext.refresh(AbstractApplicationContext.java:583)
	at org.springframework.boot.web.servlet.context.ServletWebServerApplicationContext.refresh(ServletWebServerApplicationContext.java:147)
	at org.springframework.boot.SpringApplication.refresh(SpringApplication.java:734)
	at org.springframework.boot.SpringApplication.refreshContext(SpringApplication.java:408)
	at org.springframework.boot.SpringApplication.run(SpringApplication.java:308)
	at org.springframework.boot.SpringApplication.run(SpringApplication.java:1306)
	at org.springframework.boot.SpringApplication.run(SpringApplication.java:1295)
	at com.isfa.SpringBootSecurityJwtApplication.main(SpringBootSecurityJwtApplication.java:19)
23:05:53.879 [main] WARN  o.h.e.jdbc.spi.SqlExceptionHelper - SQL Error: 0, SQLState: 08S01
23:05:53.879 [main] ERROR o.h.e.jdbc.spi.SqlExceptionHelper - The connection is closed.
23:05:53.885 [main] ERROR o.s.o.j.LocalContainerEntityManagerFactoryBean - Failed to initialize JPA EntityManagerFactory: [PersistenceUnit: default] Unable to build Hibernate SessionFactory; nested exception is org.hibernate.exception.JDBCConnectionException: Unable to release JDBC Connection used for DDL execution
23:05:53.886 [main] WARN  o.s.b.w.s.c.AnnotationConfigServletWebServerApplicationContext - Exception encountered during context initialization - cancelling refresh attempt: org.springframework.beans.factory.BeanCreationException: Error creating bean with name 'entityManagerFactory' defined in class path resource [org/springframework/boot/autoconfigure/orm/jpa/HibernateJpaConfiguration.class]: Invocation of init method failed; nested exception is javax.persistence.PersistenceException: [PersistenceUnit: default] Unable to build Hibernate SessionFactory; nested exception is org.hibernate.exception.JDBCConnectionException: Unable to release JDBC Connection used for DDL execution
23:05:53.886 [main] INFO  com.zaxxer.hikari.HikariDataSource - HikariPool-1 - Shutdown initiated...
23:05:53.908 [main] INFO  com.zaxxer.hikari.HikariDataSource - HikariPool-1 - Shutdown completed.
23:05:53.910 [main] INFO  o.a.catalina.core.StandardService - Stopping service [Tomcat]
23:05:53.925 [main] INFO  o.s.b.a.l.ConditionEvaluationReportLoggingListener - 

Error starting ApplicationContext. To display the conditions report re-run your application with 'debug' enabled.
23:05:53.958 [main] ERROR o.s.boot.SpringApplication - Application run failed
org.springframework.beans.factory.BeanCreationException: Error creating bean with name 'entityManagerFactory' defined in class path resource [org/springframework/boot/autoconfigure/orm/jpa/HibernateJpaConfiguration.class]: Invocation of init method failed; nested exception is javax.persistence.PersistenceException: [PersistenceUnit: default] Unable to build Hibernate SessionFactory; nested exception is org.hibernate.exception.JDBCConnectionException: Unable to release JDBC Connection used for DDL execution
	at org.springframework.beans.factory.support.AbstractAutowireCapableBeanFactory.initializeBean(AbstractAutowireCapableBeanFactory.java:1804)
	at org.springframework.beans.factory.support.AbstractAutowireCapableBeanFactory.doCreateBean(AbstractAutowireCapableBeanFactory.java:620)
	at org.springframework.beans.factory.support.AbstractAutowireCapableBeanFactory.createBean(AbstractAutowireCapableBeanFactory.java:542)
	at org.springframework.beans.factory.support.AbstractBeanFactory.lambda$doGetBean$0(AbstractBeanFactory.java:335)
	at org.springframework.beans.factory.support.DefaultSingletonBeanRegistry.getSingleton(DefaultSingletonBeanRegistry.java:234)
	at org.springframework.beans.factory.support.AbstractBeanFactory.doGetBean(AbstractBeanFactory.java:333)
	at org.springframework.beans.factory.support.AbstractBeanFactory.getBean(AbstractBeanFactory.java:208)
	at org.springframework.context.support.AbstractApplicationContext.getBean(AbstractApplicationContext.java:1154)
	at org.springframework.context.support.AbstractApplicationContext.finishBeanFactoryInitialization(AbstractApplicationContext.java:908)
	at org.springframework.context.support.AbstractApplicationContext.refresh(AbstractApplicationContext.java:583)
	at org.springframework.boot.web.servlet.context.ServletWebServerApplicationContext.refresh(ServletWebServerApplicationContext.java:147)
	at org.springframework.boot.SpringApplication.refresh(SpringApplication.java:734)
	at org.springframework.boot.SpringApplication.refreshContext(SpringApplication.java:408)
	at org.springframework.boot.SpringApplication.run(SpringApplication.java:308)
	at org.springframework.boot.SpringApplication.run(SpringApplication.java:1306)
	at org.springframework.boot.SpringApplication.run(SpringApplication.java:1295)
	at com.isfa.SpringBootSecurityJwtApplication.main(SpringBootSecurityJwtApplication.java:19)
Caused by: javax.persistence.PersistenceException: [PersistenceUnit: default] Unable to build Hibernate SessionFactory; nested exception is org.hibernate.exception.JDBCConnectionException: Unable to release JDBC Connection used for DDL execution
	at org.springframework.orm.jpa.AbstractEntityManagerFactoryBean.buildNativeEntityManagerFactory(AbstractEntityManagerFactoryBean.java:421)
	at org.springframework.orm.jpa.AbstractEntityManagerFactoryBean.afterPropertiesSet(AbstractEntityManagerFactoryBean.java:396)
	at org.springframework.orm.jpa.LocalContainerEntityManagerFactoryBean.afterPropertiesSet(LocalContainerEntityManagerFactoryBean.java:341)
	at org.springframework.beans.factory.support.AbstractAutowireCapableBeanFactory.invokeInitMethods(AbstractAutowireCapableBeanFactory.java:1863)
	at org.springframework.beans.factory.support.AbstractAutowireCapableBeanFactory.initializeBean(AbstractAutowireCapableBeanFactory.java:1800)
	... 16 common frames omitted
Caused by: org.hibernate.exception.JDBCConnectionException: Unable to release JDBC Connection used for DDL execution
	at org.hibernate.exception.internal.SQLStateConversionDelegate.convert(SQLStateConversionDelegate.java:112)
	at org.hibernate.exception.internal.StandardSQLExceptionConverter.convert(StandardSQLExceptionConverter.java:37)
	at org.hibernate.engine.jdbc.spi.SqlExceptionHelper.convert(SqlExceptionHelper.java:113)
	at org.hibernate.engine.jdbc.spi.SqlExceptionHelper.convert(SqlExceptionHelper.java:99)
	at org.hibernate.resource.transaction.backend.jdbc.internal.DdlTransactionIsolatorNonJtaImpl.release(DdlTransactionIsolatorNonJtaImpl.java:102)
	at org.hibernate.tool.schema.internal.AbstractSchemaMigrator.doMigration(AbstractSchemaMigrator.java:147)
	at org.hibernate.tool.schema.spi.SchemaManagementToolCoordinator.performDatabaseAction(SchemaManagementToolCoordinator.java:196)
	at org.hibernate.tool.schema.spi.SchemaManagementToolCoordinator.process(SchemaManagementToolCoordinator.java:85)
	at org.hibernate.internal.SessionFactoryImpl.<init>(SessionFactoryImpl.java:335)
	at org.hibernate.boot.internal.SessionFactoryBuilderImpl.build(SessionFactoryBuilderImpl.java:471)
	at org.hibernate.jpa.boot.internal.EntityManagerFactoryBuilderImpl.build(EntityManagerFactoryBuilderImpl.java:1498)
	at org.springframework.orm.jpa.vendor.SpringHibernateJpaPersistenceProvider.createContainerEntityManagerFactory(SpringHibernateJpaPersistenceProvider.java:58)
	at org.springframework.orm.jpa.LocalContainerEntityManagerFactoryBean.createNativeEntityManagerFactory(LocalContainerEntityManagerFactoryBean.java:365)
	at org.springframework.orm.jpa.AbstractEntityManagerFactoryBean.buildNativeEntityManagerFactory(AbstractEntityManagerFactoryBean.java:409)
	... 20 common frames omitted
Caused by: com.microsoft.sqlserver.jdbc.SQLServerException: The connection is closed.
	at com.microsoft.sqlserver.jdbc.SQLServerException.makeFromDriverError(SQLServerException.java:237)
	at com.microsoft.sqlserver.jdbc.SQLServerConnection.checkClosed(SQLServerConnection.java:1532)
	at com.microsoft.sqlserver.jdbc.SQLServerConnection.clearWarnings(SQLServerConnection.java:4346)
	at com.zaxxer.hikari.pool.ProxyConnection.close(ProxyConnection.java:267)
	at org.hibernate.engine.jdbc.connections.internal.DatasourceConnectionProviderImpl.closeConnection(DatasourceConnectionProviderImpl.java:127)
	at org.hibernate.engine.jdbc.env.internal.JdbcEnvironmentInitiator$ConnectionProviderJdbcConnectionAccess.releaseConnection(JdbcEnvironmentInitiator.java:186)
	at org.hibernate.resource.transaction.backend.jdbc.internal.DdlTransactionIsolatorNonJtaImpl.release(DdlTransactionIsolatorNonJtaImpl.java:99)
	... 29 common frames omitted
23:06:05.486 [background-preinit] INFO  o.h.validator.internal.util.Version - HV000001: Hibernate Validator 6.2.4.Final
23:06:05.496 [main] INFO  c.i.SpringBootSecurityJwtApplication - Starting SpringBootSecurityJwtApplication using Java 1.8.0_221 on bhavyakU-TKS with PID 22308 (D:\ProjectWorkspaces\spring-boot-spring-security-jwt-authentication (1)\spring-boot-spring-security-jwt-authentication (1)\target\classes started by bhavya.singh in D:\ProjectWorkspaces\spring-boot-spring-security-jwt-authentication (1)\spring-boot-spring-security-jwt-authentication (1))
23:06:05.497 [main] INFO  c.i.SpringBootSecurityJwtApplication - No active profile set, falling back to 1 default profile: "default"
23:06:06.243 [main] INFO  o.s.d.r.c.RepositoryConfigurationDelegate - Bootstrapping Spring Data JPA repositories in DEFAULT mode.
23:06:06.335 [main] INFO  o.s.d.r.c.RepositoryConfigurationDelegate - Finished Spring Data repository scanning in 85 ms. Found 20 JPA repository interfaces.
23:06:06.889 [main] INFO  o.s.b.w.e.tomcat.TomcatWebServer - Tomcat initialized with port(s): 9000 (http)
23:06:06.899 [main] INFO  o.a.coyote.http11.Http11NioProtocol - Initializing ProtocolHandler ["http-nio-9000"]
23:06:06.900 [main] INFO  o.a.catalina.core.StandardService - Starting service [Tomcat]
23:06:06.900 [main] INFO  o.a.catalina.core.StandardEngine - Starting Servlet engine: [Apache Tomcat/9.0.65]
23:06:07.025 [main] INFO  o.a.c.c.C.[Tomcat].[localhost].[/] - Initializing Spring embedded WebApplicationContext
23:06:07.025 [main] INFO  o.s.b.w.s.c.ServletWebServerApplicationContext - Root WebApplicationContext: initialization completed in 1485 ms
23:06:07.180 [main] INFO  o.h.jpa.internal.util.LogHelper - HHH000204: Processing PersistenceUnitInfo [name: default]
23:06:07.220 [main] INFO  org.hibernate.Version - HHH000412: Hibernate ORM core version 5.6.10.Final
23:06:07.330 [main] INFO  o.h.annotations.common.Version - HCANN000001: Hibernate Commons Annotations {5.1.2.Final}
23:06:07.401 [main] INFO  com.zaxxer.hikari.HikariDataSource - HikariPool-1 - Starting...
23:06:19.664 [main] INFO  com.zaxxer.hikari.HikariDataSource - HikariPool-1 - Start completed.
23:06:19.690 [main] INFO  org.hibernate.dialect.Dialect - HHH000400: Using dialect: org.hibernate.dialect.SQLServer2016Dialect
23:06:22.657 [main] INFO  c.i.p.entities.StockAssignment - StockAssignment no-args constructor executed
23:06:22.671 [main] INFO  c.i.p.entities.StoreProductMapping - StoreProductMapping no-args constructor executed
23:06:22.681 [main] INFO  c.i.leave.entities.LeaveRequestInfo - LeaveRequestInfo no-args constructor executed
23:06:22.694 [main] INFO  c.i.c.leave.entities.Icon - Icon no-args constructor executed
23:06:22.701 [main] INFO  c.i.c.leave.entities.LeaveType - LeaveType no-args constructor executed
23:06:22.715 [main] INFO  c.i.c.promoter.entities.Category - Category no-args constructor executed
23:06:22.731 [main] INFO  c.i.promoter.entities.StockBalance - StockBalance no-args constructor executed
23:06:22.738 [main] INFO  c.i.leave.entities.LeaveBalanceInfo - LeaveBalanceInfo no-args constructor executed
23:06:22.745 [main] INFO  c.i.c.leave.entities.Color - Color no-args constructor executed
23:06:22.752 [main] INFO  c.i.c.leave.entities.MasterLeave - MasterLeave no-args constructor executed
23:06:22.759 [main] INFO  c.i.c.promoter.entities.Product - Product no-args constructor executed
23:06:22.770 [main] INFO  com.isfa.models.User - User no-args cons executing
23:07:06.062 [main] INFO  o.h.e.t.j.p.i.JtaPlatformInitiator - HHH000490: Using JtaPlatform implementation: [org.hibernate.engine.transaction.jta.platform.internal.NoJtaPlatform]
23:07:06.075 [main] INFO  o.s.o.j.LocalContainerEntityManagerFactoryBean - Initialized JPA EntityManagerFactory for persistence unit 'default'
23:07:07.076 [main] WARN  o.s.b.a.o.j.JpaBaseConfiguration$JpaWebConfiguration - spring.jpa.open-in-view is enabled by default. Therefore, database queries may be performed during view rendering. Explicitly configure spring.jpa.open-in-view to disable this warning
23:07:07.209 [main] INFO  com.isfa.swagger.SwaggerConfig - SwaggerConfig docket api method executing
23:07:07.212 [main] INFO  com.isfa.swagger.SwaggerConfig - SwaggerConfig docket apiInfo method executing
23:07:07.519 [main] INFO  o.a.coyote.http11.Http11NioProtocol - Starting ProtocolHandler ["http-nio-9000"]
23:07:07.555 [main] INFO  o.s.b.w.e.tomcat.TomcatWebServer - Tomcat started on port(s): 9000 (http) with context path ''
23:07:07.947 [main] INFO  c.i.SpringBootSecurityJwtApplication - Started SpringBootSecurityJwtApplication in 62.786 seconds (JVM running for 63.457)
23:07:18.328 [http-nio-9000-exec-3] INFO  o.a.c.c.C.[Tomcat].[localhost].[/] - Initializing Spring DispatcherServlet 'dispatcherServlet'
23:07:18.328 [http-nio-9000-exec-3] INFO  o.s.web.servlet.DispatcherServlet - Initializing Servlet 'dispatcherServlet'
23:07:18.332 [http-nio-9000-exec-3] INFO  o.s.web.servlet.DispatcherServlet - Completed initialization in 4 ms
23:07:42.956 [RMI TCP Connection(3)-127.0.0.1] INFO  o.s.b.a.SpringApplicationAdminMXBeanRegistrar$SpringApplicationAdmin - Application shutdown requested.
23:07:43.122 [RMI TCP Connection(3)-127.0.0.1] INFO  o.a.coyote.http11.Http11NioProtocol - Pausing ProtocolHandler ["http-nio-9000"]
23:07:43.123 [RMI TCP Connection(3)-127.0.0.1] INFO  o.a.catalina.core.StandardService - Stopping service [Tomcat]
23:07:43.125 [RMI TCP Connection(3)-127.0.0.1] INFO  o.a.c.c.C.[Tomcat].[localhost].[/] - Destroying Spring FrameworkServlet 'dispatcherServlet'
23:07:43.128 [RMI TCP Connection(3)-127.0.0.1] INFO  o.a.coyote.http11.Http11NioProtocol - Stopping ProtocolHandler ["http-nio-9000"]
23:07:43.133 [RMI TCP Connection(3)-127.0.0.1] INFO  o.a.coyote.http11.Http11NioProtocol - Destroying ProtocolHandler ["http-nio-9000"]
23:07:43.145 [RMI TCP Connection(3)-127.0.0.1] INFO  o.s.o.j.LocalContainerEntityManagerFactoryBean - Closing JPA EntityManagerFactory for persistence unit 'default'
23:07:43.147 [RMI TCP Connection(3)-127.0.0.1] INFO  com.zaxxer.hikari.HikariDataSource - HikariPool-1 - Shutdown initiated...
23:07:43.158 [RMI TCP Connection(3)-127.0.0.1] INFO  com.zaxxer.hikari.HikariDataSource - HikariPool-1 - Shutdown completed.
